<?xml version="1.0" encoding="UTF-8"?>
<!-- Generated by org.testng.reporters.JUnitReportReporter -->
<testsuite hostname="devit-ThinkPad-E15-Gen-2" failures="0" tests="4" name="testCases.LoginAsNewSubscriber" time="179.779" errors="0" timestamp="2022-04-25T17:11:01 IDT" skipped="3">
  <testcase classname="testCases.LoginAsNewSubscriber" name="existSubscriberAddNewLine" time="0.041">
    <skipped/>
  </testcase> <!-- existSubscriberAddNewLine -->
  <system-out/>
  <testcase classname="testCases.LoginAsNewSubscriber" name="loginAsNewSubscriberPayPal" time="0.085">
    <skipped/>
  </testcase> <!-- loginAsNewSubscriberPayPal -->
  <system-out/>
  <testcase classname="testCases.LoginAsNewSubscriber" name="loginAsNewSubscriberCrediCard" time="179.625"/>
  <system-out/>
  <testcase classname="testCases.LoginAsNewSubscriber" name="loginAsExistSubscriber" time="0.028">
    <skipped/>
  </testcase> <!-- loginAsExistSubscriber -->
  <system-out/>
</testsuite> <!-- testCases.LoginAsNewSubscriber -->
