<?xml version="1.0" encoding="UTF-8"?>
<!-- Generated by org.testng.reporters.JUnitReportReporter -->
<testsuite hostname="devit-ThinkPad-E15-Gen-2" failures="0" tests="2" name="testCases.LoginAsExistSubscriber" time="12.902" errors="0" timestamp="2021-12-19T11:15:19 IST" skipped="0">
  <testcase classname="testCases.LoginAsExistSubscriber" name="loginAsNewSubscriber" time="6.280"/>
  <system-out/>
  <testcase classname="testCases.LoginAsExistSubscriber" name="loginAsNewSubscriber" time="6.622"/>
  <system-out/>
</testsuite> <!-- testCases.LoginAsExistSubscriber -->
