<?xml version="1.0" encoding="UTF-8"?>
<!-- Generated by org.testng.reporters.JUnitReportReporter -->
<testsuite hostname="devit-ThinkPad-E15-Gen-2" failures="0" tests="2" name="rough.LoginAsExistSubscriber" time="13.614" errors="0" timestamp="2021-12-19T10:08:18 IST" skipped="0">
  <testcase classname="rough.LoginAsExistSubscriber" name="loginAsNewSubscriber" time="7.311"/>
  <system-out/>
  <testcase classname="rough.LoginAsExistSubscriber" name="loginAsNewSubscriber" time="6.303"/>
  <system-out/>
</testsuite> <!-- rough.LoginAsExistSubscriber -->
