<?xml version="1.0" encoding="UTF-8"?>
<!-- Generated by org.testng.reporters.JUnitReportReporter -->
<testsuite hostname="devit-ThinkPad-E15-Gen-2" failures="0" tests="2" name="rough.LoginAsNewSubscriber" time="26.049" errors="0" timestamp="2021-12-19T10:08:18 IST" skipped="0">
  <testcase classname="rough.LoginAsNewSubscriber" name="loginAsNewSubscriber" time="13.503"/>
  <system-out/>
  <testcase classname="rough.LoginAsNewSubscriber" name="loginAsNewSubscriber" time="12.546"/>
  <system-out/>
</testsuite> <!-- rough.LoginAsNewSubscriber -->
